[preview.colorlib.com/theme/archlab/index.html]
[backblue.gif]
[fade.gif]
[index.html]
[stackpath.bootstrapcdn.com/font-awesome/4.7.0/css/font-awesome.min.css]
[preview.colorlib.com/theme/archlab/css/animate.css+owl.carousel.min.css+owl.theme.default.min.css+magnific-popup.css+flaticon.css+style.css.pagespeed.cc.5vLssw_GBZ.css]
[preview.colorlib.com/theme/archlab/about.html]
[preview.colorlib.com/theme/archlab/agent.html]
[preview.colorlib.com/theme/archlab/services.html]
[preview.colorlib.com/theme/archlab/project.html]
[preview.colorlib.com/theme/archlab/blog.html]
[preview.colorlib.com/theme/archlab/contact.html]
[preview.colorlib.com/theme/archlab/images/bg_1.jpg]
[preview.colorlib.com/theme/archlab/images/about.jpg]
[preview.colorlib.com/theme/archlab/images/about-2.jpg]
[preview.colorlib.com/theme/archlab/images/work-1.jpg]
[preview.colorlib.com/theme/archlab/work.html]
[preview.colorlib.com/theme/archlab/images/work-2.jpg]
[preview.colorlib.com/theme/archlab/images/work-3.jpg]
[preview.colorlib.com/theme/archlab/images/work-4.jpg]
[preview.colorlib.com/theme/archlab/images/work-5.jpg]
[preview.colorlib.com/theme/archlab/images/person_1.jpg]
[preview.colorlib.com/theme/archlab/images/person_2.jpg]
[preview.colorlib.com/theme/archlab/images/person_3.jpg]
[preview.colorlib.com/theme/archlab/blog-single.html]
[preview.colorlib.com/theme/archlab/images/image_1.jpg]
[preview.colorlib.com/theme/archlab/images/image_2.jpg]
[preview.colorlib.com/theme/archlab/images/image_3.jpg]
[preview.colorlib.com/theme/archlab/images/image_4.jpg]
[preview.colorlib.com/cdn-cgi/scripts/5c5dd728/cloudflare-static/email-decode.min.js]
[preview.colorlib.com/theme/archlab/js/jquery.min.js]
[preview.colorlib.com/theme/archlab/js/jquery-migrate-3.0.1.min.js+popper.min.js+bootstrap.min.js.pagespeed.jc.wB-8Egr3I1.js]
[preview.colorlib.com/theme/archlab/js/jquery.easing.1.3.js+jquery.waypoints.min.js+jquery.stellar.min.js+owl.carousel.min.js.pagespeed.jc.gdd2Ajt39U.js]
[preview.colorlib.com/theme/archlab/index.html]
[preview.colorlib.com/theme/archlab/js/jquery.magnific-popup.min.js+jquery.animateNumber.min.js+scrollax.min.js+google-map.js+main.js.pagespeed.jc.f9xvyuZdgK.js]
[fonts.googleapis.com/cssf586.css]
[preview.colorlib.com/theme/archlab/css/A.animate.css+owl.carousel.min.css+owl.theme.default.min.css+magnific-popup.css+flaticon.css+style.css,Mcc.5vLssw_GBZ.css.pagespeed.cf.XPZ73j_-4p.css]
[preview.colorlib.com/theme/archlab/team.html]
[preview.colorlib.com/theme/archlab/images/bg_2.jpg]
[preview.colorlib.com/theme/archlab/images/xabout-2.jpg.pagespeed.ic.AijHKAABsW.jpg]
[preview.colorlib.com/theme/archlab/images/xwork-1.jpg.pagespeed.ic.LW6SjTYvLs.jpg]
[preview.colorlib.com/theme/archlab/images/xwork-2.jpg.pagespeed.ic.Qd4fARgGlg.jpg]
[preview.colorlib.com/theme/archlab/about.html]
[preview.colorlib.com/theme/archlab/agent.html]
[preview.colorlib.com/theme/archlab/images/xwork-3.jpg.pagespeed.ic.mqlBZh6eu-.jpg]
[preview.colorlib.com/theme/archlab/services.html]
[preview.colorlib.com/theme/archlab/images/xbg_2.jpg.pagespeed.ic.-jUg0ElTNI.jpg]
[preview.colorlib.com/theme/archlab/images/xwork-4.jpg.pagespeed.ic.DDGDabJtv1.jpg]
[preview.colorlib.com/theme/archlab/images/work-6.jpg]
[preview.colorlib.com/theme/archlab/images/work-7.jpg]
[preview.colorlib.com/theme/archlab/images/work-8.jpg]
[preview.colorlib.com/theme/archlab/images/work-9.jpg]
[preview.colorlib.com/theme/archlab/project.html]
[preview.colorlib.com/theme/archlab/images/image_5.jpg]
[preview.colorlib.com/theme/archlab/images/image_6.jpg]
[preview.colorlib.com/theme/archlab/images/image_7.jpg]
[preview.colorlib.com/theme/archlab/blog.html]
[preview.colorlib.com/theme/archlab/images/image_8.jpg]
[preview.colorlib.com/theme/archlab/contact.html]
[preview.colorlib.com/theme/archlab/work.html]
[preview.colorlib.com/theme/archlab/images/ximage_1.jpg.pagespeed.ic.6h1AB4yQBT.jpg]
[preview.colorlib.com/theme/archlab/images/ximage_3.jpg.pagespeed.ic.jL0x2PAw5l.jpg]
[preview.colorlib.com/theme/archlab/images/xperson_1.jpg.pagespeed.ic.P4pHl6glbj.jpg]
[preview.colorlib.com/theme/archlab/blog-single.html]
[preview.colorlib.com/theme/archlab/images/ximage_2.jpg.pagespeed.ic.XCNcQQx-J9.jpg]
[preview.colorlib.com/theme/archlab/images/team-1.jpg]
[preview.colorlib.com/theme/archlab/images/team-2.jpg]
[preview.colorlib.com/theme/archlab/images/team-3.jpg]
[preview.colorlib.com/theme/archlab/images/team-4.jpg]
[preview.colorlib.com/theme/archlab/images/team-5.jpg]
[preview.colorlib.com/theme/archlab/images/team-6.jpg]
[preview.colorlib.com/theme/archlab/images/team-7.jpg]
[preview.colorlib.com/theme/archlab/images/team-8.jpg]
[preview.colorlib.com/theme/archlab/team.html]
[preview.colorlib.com/theme/archlab/images/bg_1.jpg]
[preview.colorlib.com/theme/archlab/images/about.jpg]
[preview.colorlib.com/theme/archlab/images/about-2.jpg]
[preview.colorlib.com/theme/archlab/images/work-1.jpg]
[stackpath.bootstrapcdn.com/font-awesome/4.7.0/css/font-awesome.min.css]
[preview.colorlib.com/theme/archlab/images/work-2.jpg]
[preview.colorlib.com/theme/archlab/images/work-3.jpg]
[preview.colorlib.com/theme/archlab/images/work-4.jpg]
[stackpath.bootstrapcdn.com/font-awesome/4.7.0/fonts/fontawesome-webfont3e6e.svg]
[preview.colorlib.com/theme/archlab/css/owl.video.play.png]
[preview.colorlib.com/theme/archlab/images/person_1.jpg]
[preview.colorlib.com/theme/archlab/images/work-5.jpg]
[preview.colorlib.com/theme/archlab/images/person_3.jpg]
[preview.colorlib.com/theme/archlab/images/person_2.jpg]
[preview.colorlib.com/theme/archlab/fonts/flaticon/font/Flaticon.eot]
[preview.colorlib.com/theme/archlab/images/image_1.jpg]
[preview.colorlib.com/theme/archlab/fonts/flaticon/font/Flaticond41d.eot]
[preview.colorlib.com/theme/archlab/images/image_3.jpg]
[preview.colorlib.com/theme/archlab/images/image_2.jpg]
[preview.colorlib.com/cdn-cgi/scripts/5c5dd728/cloudflare-static/email-decode.min.js]
[preview.colorlib.com/theme/archlab/fonts/flaticon/font/Flaticon.woff]
[preview.colorlib.com/theme/archlab/images/image_4.jpg]
[preview.colorlib.com/theme/archlab/js/jquery-migrate-3.0.1.min.js+popper.min.js+bootstrap.min.js.pagespeed.jc.wB-8Egr3I1.js]
[preview.colorlib.com/theme/archlab/js/jquery.min.js]
[preview.colorlib.com/theme/archlab/fonts/flaticon/font/Flaticon.ttf]
[preview.colorlib.com/theme/archlab/js/jquery.easing.1.3.js+jquery.waypoints.min.js+jquery.stellar.min.js+owl.carousel.min.js.pagespeed.jc.gdd2Ajt39U.js]
[preview.colorlib.com/theme/archlab/images/bg_2.jpg]
[preview.colorlib.com/theme/archlab/js/jquery.magnific-popup.min.js+jquery.animateNumber.min.js+scrollax.min.js+google-map.js+main.js.pagespeed.jc.f9xvyuZdgK.js]
[preview.colorlib.com/theme/archlab/css/animate.css+owl.carousel.min.css+owl.theme.default.min.css+magnific-popup.css+flaticon.css+style.css.pagespeed.cc.5vLssw_GBZ.css]
[preview.colorlib.com/theme/archlab/fonts/flaticon/font/Flaticon.svg]
[preview.colorlib.com/theme/archlab/images/xwork-1.jpg.pagespeed.ic.LW6SjTYvLs.jpg]
[preview.colorlib.com/theme/archlab/images/xwork-2.jpg.pagespeed.ic.Qd4fARgGlg.jpg]
[preview.colorlib.com/theme/archlab/images/xabout-2.jpg.pagespeed.ic.AijHKAABsW.jpg]
[preview.colorlib.com/cdn-cgi/zaraz/sd0d9.js]
[preview.colorlib.com/theme/archlab/images/xwork-3.jpg.pagespeed.ic.mqlBZh6eu-.jpg]
[preview.colorlib.com/theme/archlab/images/xwork-4.jpg.pagespeed.ic.DDGDabJtv1.jpg]
[preview.colorlib.com/theme/archlab/images/xbg_2.jpg.pagespeed.ic.-jUg0ElTNI.jpg]
[preview.colorlib.com/theme/archlab/images/work-6.jpg]
[preview.colorlib.com/theme/archlab/images/work-7.jpg]
[preview.colorlib.com/theme/archlab/images/work-8.jpg]
[preview.colorlib.com/theme/archlab/images/work-9.jpg]
[preview.colorlib.com/theme/archlab/images/image_5.jpg]
[preview.colorlib.com/theme/archlab/images/image_6.jpg]
[preview.colorlib.com/theme/archlab/css/A.animate.css+owl.carousel.min.css+owl.theme.default.min.css+magnific-popup.css+flaticon.css+style.css,Mcc.5vLssw_GBZ.css.pagespeed.cf.XPZ73j_-4p.css]
[stackpath.bootstrapcdn.com/font-awesome/4.7.0/fonts/fontawesome-webfont3e6e.svg]
[preview.colorlib.com/theme/archlab/css/owl.video.play.html]
[preview.colorlib.com/theme/archlab/fonts/flaticon/font/Flaticon.svg]
[preview.colorlib.com/theme/archlab/work.html]
[preview.colorlib.com/theme/archlab/blog-single.html]
